make.exe all --print-data-base --no-builtin-variables --no-builtin-rules --question
# GNU Make 4.4.1
# Built for Windows32
# Copyright (C) 1988-2023 Free Software Foundation, Inc.
# License GPLv3+: GNU GPL version 3 or later <https://gnu.org/licenses/gpl.html>
# This is free software: you are free to change and redistribute it.
# There is NO WARRANTY, to the extent permitted by law.

# Make data base, printed on Sun Dec 15 23:00:39 2024

# Variables

# environment
FPS_BROWSER_APP_PROFILE_STRING = Internet Explorer
# environment
SYSTEMDRIVE = C:
# environment
JAVA_HOME = C:\Program Files\Mi 
crosoft\jdk-21.0.5.11-hotspot\
# environment
LC_ALL = C
# environment
USERPROFILE = C:\Users\caddu
# environment
EFC_14044 = 1
# environment
LOCALAPPDATA = C:\Users\caddu\AppData\Local
# environment
VSCODE_CRASH_REPORTER_PROCESS_TYPE = extensionHost
# environment
VSCODE_CWD = C:\Users\caddu\AppData\Local\Programs\Microsoft VS Code
# environment
CHOCOLATEYINSTALL = C:\ProgramData\chocolatey
# environment
SYSTEMROOT = C:\WINDOWS
# environment
PROCESSOR_LEVEL = 6
# environment
PSMODULEPATH = C:\Program Files\WindowsPowerShell\Modules;C:\WINDOWS\system32\WindowsPowerShell\v1.0\Modules
# default
MAKE_COMMAND := C:/ProgramData/chocolatey/lib/make/tools/install/bin/make.exe
# automatic
@D = $(patsubst %/,%,$(patsubst %\,%,$(dir $@)))
# environment
CHROME_CRASHPAD_PIPE_NAME = \\.\pipe\crashpad_15580_RSHMDWXPGKPSQOMX
# environment
FPS_BROWSER_USER_PROFILE_STRING = Default
# environment
VSCODE_HANDLES_UNCAUGHT_ERRORS = true
# default
.VARIABLES := 
# automatic
%D = $(patsubst %/,%,$(patsubst %\,%,$(dir $%)))
# automatic
^D = $(patsubst %/,%,$(patsubst %\,%,$(dir $^)))
# automatic
%F = $(notdir $%)
# environment
VSCODE_CODE_CACHE_PATH = C:\Users\caddu\AppData\Roaming\Code\CachedData\f1a4fb101478ce6ec82fe9627c43efbf9e98c813
# environment
LANG = C
# default
.LOADED := 
# environment
TMP = C:\Users\caddu\AppData\Local\Temp
# default
.INCLUDE_DIRS := .
# environment
PROCESSOR_ARCHITEW6432 = AMD64
# makefile
MAKEFLAGS = pqrR
# environment
INTEL_DEV_REDIST = C:\Program Files (x86)\Common Files\Intel\Shared Libraries\
# environment
ONEDRIVE = C:\Users\caddu\OneDrive
# makefile
CURDIR := e:/Documentos/vscode clone/aed
# environment
APPLICATION_INSIGHTS_NO_DIAGNOSTIC_CHANNEL = true
# environment
VSCODE_L10N_BUNDLE_LOCATION = file:///c%3A/Users/caddu/.vscode/extensions/ms-ceintl.vscode-language-pack-pt-br-1.95.2024110721/translations/extensions/vscode.json-language-features.i18n.json
# automatic
*D = $(patsubst %/,%,$(patsubst %\,%,$(dir $*)))
# environment
PROGRAMFILES = C:\Program Files (x86)
# environment
MFLAGS = -pqrR
# default
.SHELLFLAGS := -c
# environment
COMMONPROGRAMW6432 = C:\Program Files\Common Files
# automatic
+D = $(patsubst %/,%,$(patsubst %\,%,$(dir $+)))
# makefile (from 'Makefile', line 1)
MAKEFILE_LIST := Makefile
# automatic
@F = $(notdir $@)
# environment
VSCODE_PID = 15580
# automatic
?D = $(patsubst %/,%,$(patsubst %\,%,$(dir $?)))
# automatic
*F = $(notdir $*)
# automatic
<D = $(patsubst %/,%,$(patsubst %\,%,$(dir $<)))
# environment
VSCODE_NLS_CONFIG = {"userLocale":"pt-br","osLocale":"pt-br","resolvedLanguage":"pt-br","defaultMessagesFile":"C:\\Users\\caddu\\AppData\\Local\\Programs\\Microsoft VS Code\\resources\\app\\out\\nls.messages.json","languagePack":{"translationsConfigFile":"C:\\Users\\caddu\\AppData\\Roaming\\Code\\clp\\a05cef9ea83e2669f97d4ff17d52938b.pt-br\\tcf.json","messagesFile":"C:\\Users\\caddu\\AppData\\Roaming\\Code\\clp\\a05cef9ea83e2669f97d4ff17d52938b.pt-br\\f1a4fb101478ce6ec82fe9627c43efbf9e98c813\\nls.messages.json","corruptMarkerFile":"C:\\Users\\caddu\\AppData\\Roaming\\Code\\clp\\a05cef9ea83e2669f97d4ff17d52938b.pt-br\\corrupted.info"},"locale":"pt-br","availableLanguages":{"*":"pt-br"},"_languagePackId":"a05cef9ea83e2669f97d4ff17d52938b.pt-br","_languagePackSupport":true,"_translationsConfigFile":"C:\\Users\\caddu\\AppData\\Roaming\\Code\\clp\\a05cef9ea83e2669f97d4ff17d52938b.pt-br\\tcf.json","_cacheRoot":"C:\\Users\\caddu\\AppData\\Roaming\\Code\\clp\\a05cef9ea83e2669f97d4ff17d52938b.pt-br","_resolvedLanguagePackCoreLocation":"C:\\Users\\caddu\\AppData\\Roaming\\Code\\clp\\a05cef9ea83e2669f97d4ff17d52938b.pt-br\\f1a4fb101478ce6ec82fe9627c43efbf9e98c813","_corruptedFile":"C:\\Users\\caddu\\AppData\\Roaming\\Code\\clp\\a05cef9ea83e2669f97d4ff17d52938b.pt-br\\corrupted.info"}
# default
MAKE_HOST := Windows32
# environment
PROGRAMDATA = C:\ProgramData
# default
SHELL := sh.exe
# environment
HOMEPATH = \Users\caddu
# default
MAKECMDGOALS := all
# environment
DRIVERDATA = C:\Windows\System32\Drivers\DriverData
# environment
COMSPEC = C:\WINDOWS\system32\cmd.exe
# environment
WINDIR = C:\WINDOWS
# environment
MAKELEVEL := 0
# default
MAKE = $(MAKE_COMMAND)
# environment
PATH = C:\Program Files\Microsoft\jdk-21.0.5.11-hotspot\bin;C:\Program Files\Eclipse Adoptium\jre-8.0.432.6-hotspot\bin;C:\Program Files\Eclipse Adoptium\jre-21.0.5.11-hotspot\bin;C:\Program Files\Common Files\Oracle\Java\javapath;C:\Program Files (x86)\Common Files\Oracle\Java\java8path;C:\Program Files (x86)\Common Files\Oracle\Java\javapath;C:\Program Files (x86)\Intel\Intel(R) Management Engine Components\iCLS\;C:\Program Files\Intel\Intel(R) Management Engine Components\iCLS\;C:\Program Files (x86)\Common Files\Intel\Shared Libraries\redist\intel64\compiler;C:\Program Files (x86)\Razer Chroma SDK\bin;C:\Program Files\Razer Chroma SDK\bin;C:\Program Files (x86)\Razer\ChromaBroadcast\bin;C:\Program Files\Razer\ChromaBroadcast\bin;C:\Windows\system32;C:\Windows;C:\Windows\System32\Wbem;C:\Windows\System32\WindowsPowerShell\v1.0\;C:\Windows\System32\OpenSSH\;C:\Program Files (x86)\NVIDIA Corporation\PhysX\Common;C:\Windows\system32\config\systemprofile\AppData\Local\Microsoft\WindowsApps;C:\Users\caddu\AppData\Local\Microsoft\WindowsApps;C:\Program Files\VDownloader;C:\Program Files (x86)\Intel\Intel(R) Management Engine Components\DAL;C:\Program Files\Intel\Intel(R) Management Engine Components\DAL;C:\Program Files (x86)\Intel\Intel(R) Management Engine Components\IPT;C:\Program Files\Intel\Intel(R) Management Engine Components\IPT;C:\WINDOWS\system32;C:\WINDOWS;C:\WINDOWS\System32\Wbem;C:\WINDOWS\System32\WindowsPowerShell\v1.0\;C:\WINDOWS\System32\OpenSSH\;C:\Program Files\dotnet\;C:\Program Files (x86)\dotnet\;C:\Program Files (x86)\Windows Kits\10\Windows Performance Toolkit\;C:\Program Files\NVIDIA Corporation\NVIDIA app\NvDLISR;C:\ProgramData\chocolatey\bin;C:\Program Files\Git\cmd;C:\Users\caddu\AppData\Local\Microsoft\WindowsApps;;C:\Users\caddu\spicetify-cli;C:\Users\caddu\AppData\Local\Microsoft\WindowsApps;C:\Users\caddu\AppData\Local\Programs\Microsoft VS Code\bin
# environment
ZES_ENABLE_SYSMAN = 1
# environment
COMPUTERNAME = CADDUZIN_PC
# default
MAKEFILES := 
# automatic
^F = $(notdir $^)
# environment
PROMPT = $P$G
# environment
CHOCOLATEYLASTPATHUPDATE = 133699552373243121
# environment
LOGONSERVER = \\CADDUZIN_PC
# environment
USERNAME = caddu
# environment
COMMONPROGRAMFILES = C:\Program Files (x86)\Common Files
# automatic
?F = $(notdir $?)
# environment
PROGRAMW6432 = C:\Program Files
# environment
PATHEXT = .COM;.EXE;.BAT;.CMD;.VBS;.VBE;.JS;.JSE;.WSF;.WSH;.MSC
# automatic
+F = $(notdir $+)
# environment
ORIGINAL_XDG_CURRENT_DESKTOP = undefined
# environment
USERDOMAIN = CADDUZIN_PC
# 'override' directive
GNUMAKEFLAGS := 
# environment
OS = Windows_NT
# makefile
.DEFAULT_GOAL := all
# default
MAKE_VERSION := 4.4.1
# environment
PROGRAMFILES(X86) = C:\Program Files (x86)
# environment
USERDOMAIN_ROAMINGPROFILE = CADDUZIN_PC
# environment
NUMBER_OF_PROCESSORS = 4
# environment
PUBLIC = C:\Users\Public
# environment
ASL.LOG = Destination=file
# environment
APPDATA = C:\Users\caddu\AppData\Roaming
# environment
HOMEDRIVE = C:
# environment
PROCESSOR_ARCHITECTURE = x86
# environment
COMMONPROGRAMFILES(X86) = C:\Program Files (x86)\Common Files
# environment
ELECTRON_RUN_AS_NODE = 1
# environment
TEMP = C:\Users\caddu\AppData\Local\Temp
# environment
VSCODE_IPC_HOOK = \\.\pipe\e466b604-1.95.3-main-sock
# default
.RECIPEPREFIX := 
# automatic
<F = $(notdir $<)
# default
SUFFIXES := 
# environment
ALLUSERSPROFILE = C:\ProgramData
# environment
SESSIONNAME = Console
# default
.FEATURES := target-specific order-only second-expansion else-if shortest-stem undefine oneshell nocomment grouped-target extra-prereqs notintermediate shell-export archives jobserver output-sync load dospaths
# environment
MIC_LD_LIBRARY_PATH = C:\Program Files (x86)\Common Files\Intel\Shared Libraries\compiler\lib\mic
# environment
PROCESSOR_REVISION = 9e09
# environment
VSCODE_ESM_ENTRYPOINT = vs/workbench/api/node/extensionHostProcess
# environment
PROCESSOR_IDENTIFIER = Intel64 Family 6 Model 158 Stepping 9, GenuineIntel
# variable set hash-table stats:
# Load=99/1024=10%, Rehash=0, Collisions=11/130=8%

# Pattern-specific Variable Values

# No pattern-specific variable values.

# Directories

# . (key e:/Documentos/vscode clone/aed, mtime 1734314426): 13 files, no impossibilities.

# 13 files, no impossibilities in 1 directories.

# Implicit Rules

# No implicit rules.

# Files

# Not a target:
Makefile:
#  Implicit rule search has been done.
#  File is secondary (prerequisite of .SECONDARY).
#  Last modified 2024-12-15 23:00:26
#  File has been updated.
#  Successfully updated.

t3-build:
#  Implicit rule search has not been done.
#  Modification time never checked.
#  File has not been updated.
#  recipe to execute (from 'Makefile', line 24):
	javac -d bin CorrecaoT3.java trabalhos/T3.java

clear:
#  Implicit rule search has not been done.
#  Modification time never checked.
#  File has not been updated.
#  recipe to execute (from 'Makefile', line 14):
	rm -r bin/*

git:
#  Implicit rule search has not been done.
#  Modification time never checked.
#  File has not been updated.
#  recipe to execute (from 'Makefile', line 17):
	git config --global user.email "20241cas10010031@estudantes.ifpr.edu.br"
	git config --global user.name "Im-caddu"

# Not a target:
.DEFAULT:
#  Implicit rule search has not been done.
#  Modification time never checked.
#  File has not been updated.

all: build run
#  Command line target.
#  Implicit rule search has been done.
#  File does not exist.
#  File has been updated.
#  Needs to be updated (-q is set).
# variable set hash-table stats:
# Load=0/32=0%, Rehash=0, Collisions=0/3=0%

run:
#  Implicit rule search has not been done.
#  Modification time never checked.
#  File has not been updated.
#  recipe to execute (from 'Makefile', line 11):
	java -cp bin Main

build:
#  Implicit rule search has not been done.
#  Implicit/static pattern stem: ''
#  File does not exist.
#  File has been updated.
#  Needs to be updated (-q is set).
# automatic
# @ := build
# automatic
# * := 
# automatic
# < := 
# automatic
# + := 
# automatic
# % := 
# automatic
# ^ := 
# automatic
# ? := 
# automatic
# | := 
# variable set hash-table stats:
# Load=8/32=25%, Rehash=0, Collisions=1/11=9%
#  recipe to execute (from 'Makefile', line 5):
	javac -d bin Main.java
	javac -d bin aulas/*.java
	javac -d bin libs/*.java
	javac -d bin trabalhos/*.java

t3: t3-build
#  Implicit rule search has not been done.
#  Modification time never checked.
#  File has not been updated.
#  recipe to execute (from 'Makefile', line 21):
	java -cp bin CorrecaoT3
	

# Not a target:
.SUFFIXES:
#  Implicit rule search has not been done.
#  Modification time never checked.
#  File has not been updated.

# files hash-table stats:
# Load=10/1024=1%, Rehash=0, Collisions=0/29=0%
# VPATH Search Paths

# No 'vpath' search paths.

# No general ('VPATH' variable) search path.

# strcache buffers: 1 (0) / strings = 22 / storage = 149 B / avg = 6 B
# current buf: size = 8174 B / used = 149 B / count = 22 / avg = 6 B

# strcache performance: lookups = 38 / hit rate = 42%
# hash-table stats:
# Load=22/8192=0%, Rehash=0, Collisions=0/38=0%
# Finished Make data base on Sun Dec 15 23:00:39 2024

 
